\BOOKMARK [0][-]{chapter*.1}{\376\377\000A\000b\000s\000t\000r\000a\000c\000t}{}
\BOOKMARK [0][-]{chapter*.2}{\376\377\000T\000a\000b\000l\000e\000\040\000o\000f\000\040\000C\000o\000n\000t\000e\000n\000t\000s}{}
\BOOKMARK [0][-]{chapter*.3}{\376\377\000L\000i\000s\000t\000\040\000o\000f\000\040\000T\000a\000b\000l\000e\000s}{}
\BOOKMARK [0][-]{chapter*.4}{\376\377\000L\000i\000s\000t\000\040\000o\000f\000\040\000F\000i\000g\000u\000r\000e\000s}{}
\BOOKMARK [0][-]{chapter*.5}{\376\377\000L\000i\000s\000t\000\040\000o\000f\000\040\000P\000r\000o\000g\000r\000a\000m\000s}{}
\BOOKMARK [0][-]{chapter*.6}{\376\377\000A\000c\000k\000n\000o\000w\000l\000e\000d\000g\000e\000m\000e\000n\000t\000s}{}
\BOOKMARK [0][-]{chapter*.7}{\376\377\000D\000e\000d\000i\000c\000a\000t\000i\000o\000n}{}
\BOOKMARK [0][-]{chapter.1}{\376\377\000I\000n\000t\000r\000o\000d\000u\000c\000t\000i\000o\000n}{}
\BOOKMARK [1][-]{subsection.1.0.1}{\376\377\000D\000e\000c\000i\000s\000i\000o\000n\000\040\000G\000o\000a\000l\000s}{chapter.1}
\BOOKMARK [0][-]{chapter.2}{\376\377\000B\000a\000c\000k\000g\000r\000o\000u\000n\000d\000\040\000a\000n\000d\000\040\000P\000r\000e\000v\000i\000o\000u\000s\000\040\000W\000o\000r\000k}{}
\BOOKMARK [0][-]{chapter.3}{\376\377\000D\000e\000s\000i\000g\000n\000\040\000a\000n\000d\000\040\000M\000o\000d\000e\000l\000l\000i\000n\000g}{}
\BOOKMARK [1][-]{section.3.1}{\376\377\000O\000v\000e\000r\000v\000i\000e\000w}{chapter.3}
\BOOKMARK [1][-]{section.3.2}{\376\377\000A\000\040\000F\000r\000a\000m\000e\000w\000o\000r\000k\000\040\000f\000o\000r\000\040\000D\000a\000t\000a\000\040\000M\000i\000g\000r\000a\000t\000i\000o\000n}{chapter.3}
\BOOKMARK [2][-]{subsection.3.2.1}{\376\377\000D\000y\000n\000a\000m\000i\000c\000\040\000P\000r\000o\000x\000i\000e\000s}{section.3.2}
\BOOKMARK [2][-]{subsection.3.2.2}{\376\377\000R\000e\000m\000o\000t\000e\000\040\000C\000o\000m\000p\000u\000t\000e\000\040\000S\000e\000r\000v\000i\000c\000e}{section.3.2}
\BOOKMARK [1][-]{section.3.3}{\376\377\000P\000r\000o\000g\000r\000a\000m\000m\000e\000r\000\040\000R\000e\000s\000p\000o\000n\000s\000i\000b\000i\000l\000i\000t\000i\000e\000s}{chapter.3}
\BOOKMARK [1][-]{section.3.4}{\376\377\000T\000h\000e\000\040\000M\000o\000d\000e\000l}{chapter.3}
\BOOKMARK [1][-]{section.3.5}{\376\377\000E\000x\000e\000r\000c\000i\000s\000i\000n\000g\000\040\000t\000h\000e\000\040\000F\000r\000a\000m\000e\000w\000o\000r\000k}{chapter.3}
\BOOKMARK [2][-]{subsection.3.5.1}{\376\377\000B\000a\000s\000i\000c\000\040\000E\000x\000p\000e\000r\000i\000m\000e\000n\000t}{section.3.5}
\BOOKMARK [0][-]{chapter.4}{\376\377\000E\000x\000p\000e\000r\000i\000m\000e\000n\000t\000a\000l\000\040\000R\000e\000s\000u\000l\000t\000s}{}
\BOOKMARK [0][-]{chapter.5}{\376\377\000C\000o\000n\000c\000l\000u\000s\000i\000o\000n}{}
\BOOKMARK [1][-]{section.5.1}{\376\377\000S\000u\000m\000m\000a\000r\000y\000\040\000o\000f\000\040\000C\000o\000n\000t\000r\000i\000b\000u\000t\000i\000o\000n}{chapter.5}
\BOOKMARK [1][-]{section.5.2}{\376\377\000F\000u\000t\000u\000r\000e\000\040\000W\000o\000r\000k}{chapter.5}
\BOOKMARK [0][-]{appendix*.13}{\376\377\000F\000i\000r\000s\000t\000\040\000A\000p\000p\000e\000n\000d\000i\000x}{}
\BOOKMARK [0][-]{appendix*.14}{\376\377\000S\000e\000c\000o\000n\000d\000\040\000A\000p\000p\000e\000n\000d\000i\000x}{}
