This is pdfTeXk, Version 3.1415926-1.40.9 (Web2C 7.5.7) (format=pdflatex 2008.12.28)  22 JUN 2011 13:13
entering extended mode
 file:line:error style messages enabled.
 %&-line parsing enabled.
**ubcsample.tex
(./ubcsample.tex
LaTeX2e <2005/12/01>
Babel <v3.8l> and hyphenation patterns for english, usenglishmax, dumylang, noh
yphenation, german-x-2008-06-18, ngerman-x-2008-06-18, ancientgreek, ibycus, ar
abic, basque, bulgarian, catalan, pinyin, coptic, croatian, czech, danish, dutc
h, esperanto, estonian, farsi, finnish, french, galician, german, ngerman, mono
greek, greek, hungarian, icelandic, indonesian, interlingua, irish, italian, la
tin, lithuanian, mongolian, mongolian2a, bokmal, nynorsk, polish, portuguese, r
omanian, russian, sanskrit, serbian, slovak, slovenian, spanish, swedish, turki
sh, ukenglish, ukrainian, uppersorbian, welsh, loaded.
File: ubcsample.tex 2010/12/09 v1.68 
 University of British Columbia Sample Thesis
(./ubcthesis.cls
Document Class: ubcthesis 2010/12/09 v1.68 
 University of British Columbia Thesis Class
(./genthesis.cls
Document Class: genthesis 2010/12/09 v1.68 
 University of British Columbia Thesis Class
\hours=\count79
\minutes=\count80
\UBCT@oldtextwidth=\skip41
\UBCT@oldtextheight=\skip42
\UBCT@oldoddsidemargin=\skip43
\UBCT@oldevensidemargin=\skip44
\UBCT@oldtopmargin=\skip45
\UBCT@oldtopskip=\skip46
\UBCT@old@colht=\skip47
\UBCT@old@colroom=\skip48
\UBCT@oldvsize=\skip49
\UBCT@oldcolumnwidth=\skip50
\UBCT@oldhsize=\skip51
\UBCT@oldlinewidth=\skip52
\UBCT@oldparindent=\skip53
\UBCT@oldmarginparsep=\skip54
\UBCT@oldmarginparwidth=\skip55
\partbetweenskip=\skip56
\chapterbeforeskip=\skip57
\chapterbetweenskip=\skip58
\chapterafterskip=\skip59
\sectionindent=\skip60
\sectionbeforeskip=\skip61
\sectionafterskip=\skip62
\subsectionindent=\skip63
\subsectionbeforeskip=\skip64
\subsectionafterskip=\skip65
\subsubsectionindent=\skip66
\subsubsectionbeforeskip=\skip67
\subsubsectionafterskip=\skip68
\paragraphindent=\skip69
\paragraphbeforeskip=\skip70
\paragraphafterskip=\skip71
\subparagraphindent=\skip72
\subparagraphbeforeskip=\skip73
\subparagraphafterskip=\skip74
(/usr/local/texlive/2008/texmf-dist/tex/latex/base/bk11.clo
File: bk11.clo 2005/09/16 v1.4f Standard LaTeX file (size option)
)
\headlinespace=\skip75
\titlemarginleft=\skip76
\titlemarginright=\skip77
\titlemargintop=\skip78
\titlemarginbottom=\skip79
\c@@oldsecnumdepth=\count81
\c@part=\count82
\c@chapter=\count83
\c@section=\count84
\c@subsection=\count85
\c@subsubsection=\count86
\c@paragraph=\count87
\c@subparagraph=\count88
\c@figure=\count89
\c@table=\count90
\abovecaptionskip=\skip80
\belowcaptionskip=\skip81
\bibindent=\dimen102
)
\@logocopywidth=\skip82
\@logocopyheight=\skip83
\@logowidth=\skip84
)
(/usr/local/texlive/2008/texmf-dist/tex/latex/tools/afterpage.sty
Package: afterpage 1995/10/27 v1.08 After-Page Package (DPC)
\AP@output=\toks14
\AP@partial=\box26
\AP@footins=\box27
)
(/usr/local/texlive/2008/texmf-dist/tex/latex/float/float.sty
Package: float 2001/11/08 v1.3d Float enhancements (AL)
\c@float@type=\count91
\float@exts=\toks15
\float@box=\box28
\@float@everytoks=\toks16
\@floatcapt=\box29
)
(/usr/local/texlive/2008/texmf-dist/tex/latex/tools/longtable.sty
Package: longtable 2004/02/01 v4.11 Multi-page Table package (DPC)
\LTleft=\skip85
\LTright=\skip86
\LTpre=\skip87
\LTpost=\skip88
\LTchunksize=\count92
\LTcapwidth=\dimen103
\LT@head=\box30
\LT@firsthead=\box31
\LT@foot=\box32
\LT@lastfoot=\box33
\LT@cols=\count93
\LT@rows=\count94
\c@LT@tables=\count95
\c@LT@chunks=\count96
\LT@p@ftn=\toks17
)
(/usr/local/texlive/2008/texmf-dist/tex/latex/graphics/graphicx.sty
Package: graphicx 1999/02/16 v1.0f Enhanced LaTeX Graphics (DPC,SPQR)

(/usr/local/texlive/2008/texmf-dist/tex/latex/graphics/keyval.sty
Package: keyval 1999/03/16 v1.13 key=value parser (DPC)
\KV@toks@=\toks18
)
(/usr/local/texlive/2008/texmf-dist/tex/latex/graphics/graphics.sty
Package: graphics 2006/02/20 v1.0o Standard LaTeX Graphics (DPC,SPQR)

(/usr/local/texlive/2008/texmf-dist/tex/latex/graphics/trig.sty
Package: trig 1999/03/16 v1.09 sin cos tan (DPC)
)
(/usr/local/texlive/2008/texmf/tex/latex/config/graphics.cfg
File: graphics.cfg 2007/01/18 v1.5 graphics configuration of teTeX/TeXLive
)
Package graphics Info: Driver file: pdftex.def on input line 90.

(/usr/local/texlive/2008/texmf-dist/tex/latex/pdftex-def/pdftex.def
File: pdftex.def 2008/09/08 v0.04l Graphics/color for pdfTeX
\Gread@gobject=\count97
))
\Gin@req@height=\dimen104
\Gin@req@width=\dimen105
)
(/usr/local/texlive/2008/texmf-dist/tex/latex/oberdiek/pdflscape.sty
Package: pdflscape 2008/08/11 v0.10 Landscape pages in PDF (HO)

(/usr/local/texlive/2008/texmf-dist/tex/latex/graphics/lscape.sty
Package: lscape 2000/10/22 v3.01 Landscape Pages (DPC)
)
(/usr/local/texlive/2008/texmf-dist/tex/generic/oberdiek/ifpdf.sty
Package: ifpdf 2007/12/12 v1.6 Provides the ifpdf switch (HO)
Package ifpdf Info: pdfTeX in pdf mode detected.
)
Package pdflscape Info: Auto-detected driver: pdftex on input line 75.

(/usr/local/texlive/2008/texmf-dist/tex/generic/ifxetex/ifxetex.sty
Package: ifxetex 2009/01/23 v0.5 Provides ifxetex conditional
))
(/usr/local/texlive/2008/texmf-dist/tex/latex/natbib/natbib.sty
Package: natbib 2009/02/02 8.3 (PWD, AO)
\bibhang=\skip89
\bibsep=\skip90
LaTeX Info: Redefining \cite on input line 694.
\c@NAT@ctr=\count98
)
(/usr/local/texlive/2008/texmf-dist/tex/latex/psfrag/psfrag.sty
Package: psfrag 1998/04/11 v3.04 PSfrag (MCG)
\pfg@pcount=\count99
\pfg@scount=\count100
\pfg@temp=\write3
)
(/usr/local/texlive/2008/texmf-dist/tex/latex/hyperref/hyperref.sty
Package: hyperref 2009/02/22 v6.78p Hypertext links for LaTeX

(/usr/local/texlive/2008/texmf-dist/tex/generic/oberdiek/ifvtex.sty
Package: ifvtex 2008/11/04 v1.4 Switches for detecting VTeX and its modes (HO)
Package ifvtex Info: VTeX not detected.
)
(/usr/local/texlive/2008/texmf-dist/tex/latex/oberdiek/hycolor.sty
Package: hycolor 2008/09/08 v1.4 Code for color options of hyperref/bookmark (H
O)

(/usr/local/texlive/2008/texmf-dist/tex/latex/oberdiek/xcolor-patch.sty
Package: xcolor-patch 2008/09/08 xcolor patch
))
\@linkdim=\dimen106
\Hy@linkcounter=\count101
\Hy@pagecounter=\count102

(/usr/local/texlive/2008/texmf-dist/tex/latex/hyperref/pd1enc.def
File: pd1enc.def 2009/02/22 v6.78p Hyperref: PDFDocEncoding definition (HO)
)
(/usr/local/texlive/2008/texmf-dist/tex/generic/oberdiek/etexcmds.sty
Package: etexcmds 2007/12/12 v1.2 Prefix for e-TeX command names (HO)

(/usr/local/texlive/2008/texmf-dist/tex/generic/oberdiek/infwarerr.sty
Package: infwarerr 2007/09/09 v1.2 Providing info/warning/message (HO)
)
Package etexcmds Info: Could not find \expanded.
(etexcmds)             That can mean that you are not using pdfTeX 1.50 or
(etexcmds)             that some package has redefined \expanded.
(etexcmds)             In the latter case, load this package earlier.
)
(/usr/local/texlive/2008/texmf/tex/latex/config/hyperref.cfg
File: hyperref.cfg 2002/06/06 v1.2 hyperref configuration of TeXLive
)
(/usr/local/texlive/2008/texmf-dist/tex/latex/oberdiek/kvoptions.sty
Package: kvoptions 2007/10/18 v3.0 Keyval support for LaTeX options (HO)
)
Package hyperref Info: Option `unicode' set `true' on input line 2824.

(/usr/local/texlive/2008/texmf-dist/tex/latex/hyperref/puenc.def
File: puenc.def 2009/02/22 v6.78p Hyperref: PDF Unicode definition (HO)
)
Package hyperref Info: Option `linktocpage' set `true' on input line 2824.
Package hyperref Info: Hyper figures OFF on input line 2935.
Package hyperref Info: Link nesting OFF on input line 2940.
Package hyperref Info: Hyper index ON on input line 2943.
Package hyperref Info: Plain pages OFF on input line 2950.
Package hyperref Info: Backreferencing OFF on input line 2955.

Implicit mode ON; LaTeX internals redefined
Package hyperref Info: Bookmarks ON on input line 3145.
(/usr/local/texlive/2008/texmf-dist/tex/latex/ltxmisc/url.sty
\Urlmuskip=\muskip10
Package: url 2006/04/12  ver 3.3  Verb mode for urls, etc.
)
LaTeX Info: Redefining \url on input line 3382.

(/usr/local/texlive/2008/texmf-dist/tex/generic/oberdiek/bitset.sty
Package: bitset 2007/09/28 v1.0 Data type bit set (HO)

(/usr/local/texlive/2008/texmf-dist/tex/generic/oberdiek/intcalc.sty
Package: intcalc 2007/09/27 v1.1 Expandable integer calculations (HO)
)
(/usr/local/texlive/2008/texmf-dist/tex/generic/oberdiek/bigintcalc.sty
Package: bigintcalc 2007/11/11 v1.1 Expandable big integer calculations (HO)

(/usr/local/texlive/2008/texmf-dist/tex/generic/oberdiek/pdftexcmds.sty
Package: pdftexcmds 2007/12/12 v0.3 LuaTeX support for pdfTeX utility functions
 (HO)
Package pdftexcmds Info: LuaTeX not detected on input line 139.
)))
(/usr/local/texlive/2008/texmf-dist/tex/generic/oberdiek/kvsetkeys.sty
Package: kvsetkeys 2007/09/29 v1.3 Key value parser with default handler suppor
t (HO)
)
\Fld@menulength=\count103
\Field@Width=\dimen107
\Fld@charsize=\dimen108
\Field@toks=\toks19
Package hyperref Info: Hyper figures OFF on input line 4299.
Package hyperref Info: Link nesting OFF on input line 4304.
Package hyperref Info: Hyper index ON on input line 4307.
Package hyperref Info: backreferencing OFF on input line 4314.
Package hyperref Info: Link coloring OFF on input line 4319.
Package hyperref Info: Link coloring with OCG OFF on input line 4324.
Package hyperref Info: PDF/A mode OFF on input line 4329.

(/usr/local/texlive/2008/texmf-dist/tex/generic/oberdiek/atbegshi.sty
Package: atbegshi 2008/07/31 v1.9 At begin shipout hook (HO)
)
\Hy@abspage=\count104
\c@Item=\count105
\c@Hfootnote=\count106
)
*hyperref using default driver hpdftex*
(/usr/local/texlive/2008/texmf-dist/tex/latex/hyperref/hpdftex.def
File: hpdftex.def 2009/02/22 v6.78p Hyperref driver for pdfTeX
\Fld@listcount=\count107
)
\@float@every@Program=\toks20
\c@Program=\count108

(./ubcsample.aux)
\openout1 = `ubcsample.aux'.

LaTeX Font Info:    Checking defaults for OML/cmm/m/it on input line 289.
LaTeX Font Info:    ... okay on input line 289.
LaTeX Font Info:    Checking defaults for T1/cmr/m/n on input line 289.
LaTeX Font Info:    ... okay on input line 289.
LaTeX Font Info:    Checking defaults for OT1/cmr/m/n on input line 289.
LaTeX Font Info:    ... okay on input line 289.
LaTeX Font Info:    Checking defaults for OMS/cmsy/m/n on input line 289.
LaTeX Font Info:    ... okay on input line 289.
LaTeX Font Info:    Checking defaults for OMX/cmex/m/n on input line 289.
LaTeX Font Info:    ... okay on input line 289.
LaTeX Font Info:    Checking defaults for U/cmr/m/n on input line 289.
LaTeX Font Info:    ... okay on input line 289.
LaTeX Font Info:    Checking defaults for PD1/pdf/m/n on input line 289.
LaTeX Font Info:    ... okay on input line 289.
LaTeX Font Info:    Checking defaults for PU/pdf/m/n on input line 289.
LaTeX Font Info:    ... okay on input line 289.

(/usr/local/texlive/2008/texmf-dist/tex/context/base/supp-pdf.tex
[Loading MPS to PDF converter (version 2006.09.02).]
\scratchcounter=\count109
\scratchdimen=\dimen109
\scratchbox=\box34
\nofMPsegments=\count110
\nofMParguments=\count111
\everyMPshowfont=\toks21
\MPscratchCnt=\count112
\MPscratchDim=\dimen110
\MPnumerator=\count113
\everyMPtoPDFconversion=\toks22
)
Package hyperref Info: Link coloring OFF on input line 289.
 (/usr/local/texlive/2008/texmf-dist/tex/latex/hyperref/nameref.sty
Package: nameref 2007/05/29 v2.31 Cross-referencing by name of section

(/usr/local/texlive/2008/texmf-dist/tex/latex/oberdiek/refcount.sty
Package: refcount 2008/08/11 v3.1 Data extraction from references (HO)
)
\c@section@level=\count114
)
LaTeX Info: Redefining \ref on input line 289.
LaTeX Info: Redefining \pageref on input line 289.

(./ubcsample.out) (./ubcsample.out)
\@outlinefile=\write4
\openout4 = `ubcsample.out'.

\AtBeginShipoutBox=\box35
\@orgargctr=\count115
LaTeX Font Info:    Try loading font information for OMS+cmr on input line 305.


(/usr/local/texlive/2008/texmf-dist/tex/latex/base/omscmr.fd
File: omscmr.fd 1999/05/25 v2.5h Standard LaTeX font definitions
)
LaTeX Font Info:    Font shape `OMS/cmr/m/n' in size <10.95> not available
(Font)              Font shape `OMS/cmsy/m/n' tried instead on input line 305.
\@orgargctr=\count116
\@orgargctr=\count117
\@orgargctr=\count118
\@orgargctr=\count119
\@orgargctr=\count120
 [1
Non-PDF special ignored!


{/usr/local/texlive/2008/texmf-var/fonts/map/pdftex/updmap/pdftex.map}]
LaTeX Font Info:    External font `cmex10' loaded for size
(Font)              <10.95> on input line 306.
LaTeX Font Info:    External font `cmex10' loaded for size
(Font)              <8> on input line 306.
LaTeX Font Info:    External font `cmex10' loaded for size
(Font)              <6> on input line 306.
 [2


]

Package natbib Warning: Citation `Apple:2010' on page iii undefined on input li
ne 352.

[3


] (./ubcsample.toc)
\tf@toc=\write5
\openout5 = `ubcsample.toc'.

 [4

] [5] (./ubcsample.lot)
\tf@lot=\write6
\openout6 = `ubcsample.lot'.

 [6

] (./ubcsample.lof)
\tf@lof=\write7
\openout7 = `ubcsample.lof'.

 [7

]
(./ubcsample.lop)
\tf@lop=\write8
\openout8 = `ubcsample.lop'.

 [8

] [9

] [10

]
Chapter 1.
LaTeX Font Info:    External font `cmex10' loaded for size
(Font)              <9> on input line 400.
LaTeX Font Info:    External font `cmex10' loaded for size
(Font)              <5> on input line 400.

Package natbib Warning: Citation `Forbes:2006ba' on page 1 undefined on input l
ine 407.


Package natbib Warning: Citation `LL3:1977' on page 1 undefined on input line 4
18.


Package natbib Warning: Citation `Peccei:1989' on page 1 undefined on input lin
e 418.


Package natbib Warning: Citation `Turner:1999' on page 1 undefined on input lin
e 418.


Package natbib Warning: Citation `Turner:1999' on page 1 undefined on input lin
e 421.


Package natbib Warning: Citation `Peccei:1989' on page 1 undefined on input lin
e 421.


Package natbib Warning: Citation `LL3:1977' on page 1 undefined on input line 4
21.

[1


] [2]
Package hyperref Info: bookmark level for unknown Program defaults to 0 on inpu
t line 520.
 [3] [4]
Chapter 2.

Overfull \hbox (7.91602pt too wide) in paragraph at lines 556--560
[]\OT1/cmtt/m/n/10.95 \chapter[Another Chapter\ldots]{Another Chapter with a Ve
ry Long 
 []

[5

] [6]
Overfull \hbox (19.26216pt too wide) in alignment at lines 650--657
 [] [] [] 
 []


Overfull \hbox (19.26216pt too wide) in alignment at lines 657--664
 [] [] [] 
 []


Overfull \hbox (19.26216pt too wide) in alignment at lines 664--667
 [] [] [] 
 []


Overfull \hbox (19.26216pt too wide) in alignment at lines 667--670
 [] [] [] 
 []


Overfull \hbox (19.26216pt too wide) in alignment at lines 670--692
 [] [] [] 
 []


Overfull \hbox (19.26216pt too wide) in alignment at lines 692--712
 [] [] [] 
 []


Overfull \hbox (19.26216pt too wide) in alignment at lines 712--732
 [] [] [] 
 []

[7

]
Overfull \hbox (19.26216pt too wide) in alignment at lines 732--733
 [] [] [] 
 []

[8] [9]
Chapter 3.
[10

] [11

]
No file ubcsample.bbl.
[12



] [13

]
Overfull \hbox (14.43346pt too wide) in paragraph at lines 805--812
\OT1/cmr/m/n/10.95 pro-duce a well for-mat-ted doc-u-ment that meets the FoGS r
e-quire-ment. Notwith-
 []


Overfull \hbox (61.65685pt too wide) in paragraph at lines 818--823
 [] 
 []


Package natbib Warning: There were undefined citations.

[14

] (./ubcsample.aux) ) 
Here is how much of TeX's memory you used:
 6476 strings out of 493876
 87793 string characters out of 1150567
 178105 words of memory out of 3000000
 9616 multiletter control sequences out of 10000+50000
 10888 words of font info for 38 fonts, out of 3000000 for 5000
 714 hyphenation exceptions out of 8191
 36i,9n,37p,236b,445s stack positions out of 5000i,500n,10000p,200000b,50000s
</usr/local/texlive/2008/texmf-dist/fonts/type1/bluesky/cm
/cmbx10.pfb></usr/local/texlive/2008/texmf-dist/fonts/type1/bluesky/cm/cmbx12.p
fb></usr/local/texlive/2008/texmf-dist/fonts/type1/bluesky/cm/cmex10.pfb></usr/
local/texlive/2008/texmf-dist/fonts/type1/bluesky/cm/cmmi10.pfb></usr/local/tex
live/2008/texmf-dist/fonts/type1/bluesky/cm/cmmi6.pfb></usr/local/texlive/2008/
texmf-dist/fonts/type1/bluesky/cm/cmmi8.pfb></usr/local/texlive/2008/texmf-dist
/fonts/type1/bluesky/cm/cmr10.pfb></usr/local/texlive/2008/texmf-dist/fonts/typ
e1/bluesky/cm/cmr6.pfb></usr/local/texlive/2008/texmf-dist/fonts/type1/bluesky/
cm/cmr8.pfb></usr/local/texlive/2008/texmf-dist/fonts/type1/bluesky/cm/cmr9.pfb
></usr/local/texlive/2008/texmf-dist/fonts/type1/bluesky/cm/cmsl10.pfb></usr/lo
cal/texlive/2008/texmf-dist/fonts/type1/bluesky/cm/cmsy10.pfb></usr/local/texli
ve/2008/texmf-dist/fonts/type1/bluesky/cm/cmsy6.pfb></usr/local/texlive/2008/te
xmf-dist/fonts/type1/bluesky/cm/cmsy8.pfb></usr/local/texlive/2008/texmf-dist/f
onts/type1/bluesky/cm/cmti10.pfb></usr/local/texlive/2008/texmf-dist/fonts/type
1/bluesky/cm/cmtt10.pfb>
Output written on ubcsample.pdf (24 pages, 147415 bytes).
PDF statistics:
 317 PDF objects out of 1000 (max. 8388607)
 61 named destinations out of 1000 (max. 131072)
 165 words of extra memory for PDF output out of 10000 (max. 10000000)

